# JRE version: Java(TM) SE Runtime Environment (8.0_381) (build 1.8.0_381-b09)
# Java VM: Java HotSpot(TM) 64-Bit Server VM (25.381-b09 mixed mode windows-amd64 compressed oops)
Heap:
 PSYoungGen      total 238592K, used 107219K [0x00000000f0000000, 0x0000000100000000, 0x0000000100000000)
  eden space 216064K, 45% used [0x00000000f0000000,0x00000000f5ffbb78,0x00000000fd300000)
  from space 22528K, 39% used [0x00000000fd300000,0x00000000fdbb90b8,0x00000000fe900000)
  to   space 21504K, 0% used [0x00000000feb00000,0x00000000feb00000,0x0000000100000000)
 ParOldGen       total 524288K, used 129825K [0x00000000d0000000, 0x00000000f0000000, 0x00000000f0000000)
  object space 524288K, 24% used [0x00000000d0000000,0x00000000d7ec85f8,0x00000000f0000000)
 Metaspace       used 85126K, capacity 90726K, committed 90792K, reserved 1126400K
  class space    used 11244K, capacity 12917K, committed 12976K, reserved 1048576K
GC Heap History (10 events):
Event: 3846.814 GC heap before
{Heap before GC invocations=70 (full 3):
 PSYoungGen      total 236032K, used 217402K [0x00000000f0000000, 0x0000000100000000, 0x0000000100000000)
  eden space 208896K, 100% used [0x00000000f0000000,0x00000000fcc00000,0x00000000fcc00000)
  from space 27136K, 31% used [0x00000000fe580000,0x00000000fedce980,0x0000000100000000)
  to   space 26112K, 0% used [0x00000000fcc00000,0x00000000fcc00000,0x00000000fe580000)
 ParOldGen       total 524288K, used 129473K [0x00000000d0000000, 0x00000000f0000000, 0x00000000f0000000)
  object space 524288K, 24% used [0x00000000d0000000,0x00000000d7e705f8,0x00000000f0000000)
 Metaspace       used 83436K, capacity 89018K, committed 89128K, reserved 1126400K
  class space    used 11099K, capacity 12770K, committed 12848K, reserved 1048576K
Event: 3846.821 GC heap after
Heap after GC invocations=70 (full 3):
 PSYoungGen      total 235008K, used 8691K [0x00000000f0000000, 0x0000000100000000, 0x0000000100000000)
  eden space 208896K, 0% used [0x00000000f0000000,0x00000000f0000000,0x00000000fcc00000)
  from space 26112K, 33% used [0x00000000fcc00000,0x00000000fd47cce0,0x00000000fe580000)
  to   space 25088K, 0% used [0x00000000fe780000,0x00000000fe780000,0x0000000100000000)
 ParOldGen       total 524288K, used 129561K [0x00000000d0000000, 0x00000000f0000000, 0x00000000f0000000)
  object space 524288K, 24% used [0x00000000d0000000,0x00000000d7e865f8,0x00000000f0000000)
 Metaspace       used 83436K, capacity 89018K, committed 89128K, reserved 1126400K
  class space    used 11099K, capacity 12770K, committed 12848K, reserved 1048576K
}
Event: 3871.389 GC heap before
{Heap before GC invocations=71 (full 3):
 PSYoungGen      total 235008K, used 217587K [0x00000000f0000000, 0x0000000100000000, 0x0000000100000000)
  eden space 208896K, 100% used [0x00000000f0000000,0x00000000fcc00000,0x00000000fcc00000)
  from space 26112K, 33% used [0x00000000fcc00000,0x00000000fd47cce0,0x00000000fe580000)
  to   space 25088K, 0% used [0x00000000fe780000,0x00000000fe780000,0x0000000100000000)
 ParOldGen       total 524288K, used 129561K [0x00000000d0000000, 0x00000000f0000000, 0x00000000f0000000)
  object space 524288K, 24% used [0x00000000d0000000,0x00000000d7e865f8,0x00000000f0000000)
 Metaspace       used 83667K, capacity 89210K, committed 89384K, reserved 1126400K
  class space    used 11109K, capacity 12770K, committed 12848K, reserved 1048576K
Event: 3871.403 GC heap after
Heap after GC invocations=71 (full 3):
 PSYoungGen      total 238080K, used 8851K [0x00000000f0000000, 0x0000000100000000, 0x0000000100000000)
  eden space 212992K, 0% used [0x00000000f0000000,0x00000000f0000000,0x00000000fd000000)
  from space 25088K, 35% used [0x00000000fe780000,0x00000000ff024cb0,0x0000000100000000)
  to   space 24064K, 0% used [0x00000000fd000000,0x00000000fd000000,0x00000000fe780000)
 ParOldGen       total 524288K, used 129609K [0x00000000d0000000, 0x00000000f0000000, 0x00000000f0000000)
  object space 524288K, 24% used [0x00000000d0000000,0x00000000d7e925f8,0x00000000f0000000)
 Metaspace       used 83667K, capacity 89210K, committed 89384K, reserved 1126400K
  class space    used 11109K, capacity 12770K, committed 12848K, reserved 1048576K
}
Event: 4088.821 GC heap before
{Heap before GC invocations=72 (full 3):
 PSYoungGen      total 238080K, used 221843K [0x00000000f0000000, 0x0000000100000000, 0x0000000100000000)
  eden space 212992K, 100% used [0x00000000f0000000,0x00000000fd000000,0x00000000fd000000)
  from space 25088K, 35% used [0x00000000fe780000,0x00000000ff024cb0,0x0000000100000000)
  to   space 24064K, 0% used [0x00000000fd000000,0x00000000fd000000,0x00000000fe780000)
 ParOldGen       total 524288K, used 129609K [0x00000000d0000000, 0x00000000f0000000, 0x00000000f0000000)
  object space 524288K, 24% used [0x00000000d0000000,0x00000000d7e925f8,0x00000000f0000000)
 Metaspace       used 83899K, capacity 89510K, committed 89640K, reserved 1126400K
  class space    used 11122K, capacity 12804K, committed 12848K, reserved 1048576K
Event: 4088.826 GC heap after
Heap after GC invocations=72 (full 3):
 PSYoungGen      total 237056K, used 8782K [0x00000000f0000000, 0x0000000100000000, 0x0000000100000000)
  eden space 212992K, 0% used [0x00000000f0000000,0x00000000f0000000,0x00000000fd000000)
  from space 24064K, 36% used [0x00000000fd000000,0x00000000fd893940,0x00000000fe780000)
  to   space 23552K, 0% used [0x00000000fe900000,0x00000000fe900000,0x0000000100000000)
 ParOldGen       total 524288K, used 129673K [0x00000000d0000000, 0x00000000f0000000, 0x00000000f0000000)
  object space 524288K, 24% used [0x00000000d0000000,0x00000000d7ea25f8,0x00000000f0000000)
 Metaspace       used 83899K, capacity 89510K, committed 89640K, reserved 1126400K
  class space    used 11122K, capacity 12804K, committed 12848K, reserved 1048576K
}
Event: 4142.734 GC heap before
{Heap before GC invocations=73 (full 3):
 PSYoungGen      total 237056K, used 221774K [0x00000000f0000000, 0x0000000100000000, 0x0000000100000000)
  eden space 212992K, 100% used [0x00000000f0000000,0x00000000fd000000,0x00000000fd000000)
  from space 24064K, 36% used [0x00000000fd000000,0x00000000fd893940,0x00000000fe780000)
  to   space 23552K, 0% used [0x00000000fe900000,0x00000000fe900000,0x0000000100000000)
 ParOldGen       total 524288K, used 129673K [0x00000000d0000000, 0x00000000f0000000, 0x00000000f0000000)
  object space 524288K, 24% used [0x00000000d0000000,0x00000000d7ea25f8,0x00000000f0000000)
 Metaspace       used 84293K, capacity 89894K, committed 90152K, reserved 1126400K
  class space    used 11136K, capacity 12804K, committed 12848K, reserved 1048576K
Event: 4142.743 GC heap after
Heap after GC invocations=73 (full 3):
 PSYoungGen      total 239616K, used 8772K [0x00000000f0000000, 0x0000000100000000, 0x0000000100000000)
  eden space 216064K, 0% used [0x00000000f0000000,0x00000000f0000000,0x00000000fd300000)
  from space 23552K, 37% used [0x00000000fe900000,0x00000000ff191088,0x0000000100000000)
  to   space 22528K, 0% used [0x00000000fd300000,0x00000000fd300000,0x00000000fe900000)
 ParOldGen       total 524288K, used 129737K [0x00000000d0000000, 0x00000000f0000000, 0x00000000f0000000)
  object space 524288K, 24% used [0x00000000d0000000,0x00000000d7eb25f8,0x00000000f0000000)
 Metaspace       used 84293K, capacity 89894K, committed 90152K, reserved 1126400K
  class space    used 11136K, capacity 12804K, committed 12848K, reserved 1048576K
}
Event: 4206.918 GC heap before
{Heap before GC invocations=74 (full 3):
 PSYoungGen      total 239616K, used 224836K [0x00000000f0000000, 0x0000000100000000, 0x0000000100000000)
  eden space 216064K, 100% used [0x00000000f0000000,0x00000000fd300000,0x00000000fd300000)
  from space 23552K, 37% used [0x00000000fe900000,0x00000000ff191088,0x0000000100000000)
  to   space 22528K, 0% used [0x00000000fd300000,0x00000000fd300000,0x00000000fe900000)
 ParOldGen       total 524288K, used 129737K [0x00000000d0000000, 0x00000000f0000000, 0x00000000f0000000)
  object space 524288K, 24% used [0x00000000d0000000,0x00000000d7eb25f8,0x00000000f0000000)
 Metaspace       used 84523K, capacity 90086K, committed 90408K, reserved 1126400K
  class space    used 11148K, capacity 12804K, committed 12848K, reserved 1048576K
Event: 4206.922 GC heap after
Heap after GC invocations=74 (full 3):
 PSYoungGen      total 238592K, used 8932K [0x00000000f0000000, 0x0000000100000000, 0x0000000100000000)
  eden space 216064K, 0% used [0x00000000f0000000,0x00000000f0000000,0x00000000fd300000)
  from space 22528K, 39% used [0x00000000fd300000,0x00000000fdbb90b8,0x00000000fe900000)
  to   space 21504K, 0% used [0x00000000feb00000,0x00000000feb00000,0x0000000100000000)
 ParOldGen       total 524288K, used 129825K [0x00000000d0000000, 0x00000000f0000000, 0x00000000f0000000)
  object space 524288K, 24% used [0x00000000d0000000,0x00000000d7ec85f8,0x00000000f0000000)
 Metaspace       used 84523K, capacity 90086K, committed 90408K, reserved 1126400K
  class space    used 11148K, capacity 12804K, committed 12848K, reserved 1048576K
}

